<?xml version="1.0" encoding="UTF-8"?>
<coverage generated="1752005222496" clover="3.2.0">
  <project timestamp="1752005222496" name="All files">
    <metrics statements="18" coveredstatements="18" conditionals="23" coveredconditionals="23" methods="3" coveredmethods="3" elements="44" coveredelements="44" complexity="0" loc="18" ncloc="18" packages="1" files="1" classes="1"/>
    <file name="index.js" path="C:\Users\55819\Documents\FACULDADES\CESAR SCHOOL\Curso de Férias\Exercicio Sistema Escolar TDD\index.js">
      <metrics statements="18" coveredstatements="18" conditionals="23" coveredconditionals="23" methods="3" coveredmethods="3"/>
      <line num="1" count="1" type="stmt"/>
      <line num="2" count="5" type="stmt"/>
      <line num="4" count="5" type="cond" truecount="4" falsecount="0"/>
      <line num="5" count="2" type="stmt"/>
      <line num="7" count="3" type="stmt"/>
      <line num="10" count="1" type="stmt"/>
      <line num="11" count="6" type="cond" truecount="6" falsecount="0"/>
      <line num="12" count="2" type="stmt"/>
      <line num="14" count="4" type="stmt"/>
      <line num="17" count="1" type="stmt"/>
      <line num="18" count="5" type="cond" truecount="4" falsecount="0"/>
      <line num="19" count="1" type="stmt"/>
      <line num="20" count="4" type="cond" truecount="5" falsecount="0"/>
      <line num="21" count="1" type="stmt"/>
      <line num="22" count="3" type="cond" truecount="4" falsecount="0"/>
      <line num="23" count="1" type="stmt"/>
      <line num="25" count="2" type="stmt"/>
      <line num="29" count="1" type="stmt"/>
    </file>
  </project>
</coverage>
