{"C:\\Users\\55819\\Documents\\FACULDADES\\CESAR SCHOOL\\Curso de Férias\\Exercicio Sistema Escolar TDD\\index.js": {"path":"C:\\Users\\55819\\Documents\\FACULDADES\\CESAR SCHOOL\\Curso de Férias\\Exercicio Sistema Escolar TDD\\index.js","statementMap":{"0":{"start":{"line":1,"column":29},"end":{"line":8,"column":1}},"1":{"start":{"line":2,"column":23},"end":{"line":2,"column":33}},"2":{"start":{"line":4,"column":2},"end":{"line":6,"column":3}},"3":{"start":{"line":5,"column":4},"end":{"line":5,"column":38}},"4":{"start":{"line":7,"column":2},"end":{"line":7,"column":22}},"5":{"start":{"line":10,"column":22},"end":{"line":15,"column":1}},"6":{"start":{"line":11,"column":2},"end":{"line":13,"column":3}},"7":{"start":{"line":12,"column":4},"end":{"line":12,"column":37}},"8":{"start":{"line":14,"column":2},"end":{"line":14,"column":54}},"9":{"start":{"line":17,"column":21},"end":{"line":27,"column":1}},"10":{"start":{"line":18,"column":2},"end":{"line":26,"column":3}},"11":{"start":{"line":19,"column":4},"end":{"line":19,"column":22}},"12":{"start":{"line":20,"column":9},"end":{"line":26,"column":3}},"13":{"start":{"line":21,"column":4},"end":{"line":21,"column":32}},"14":{"start":{"line":22,"column":9},"end":{"line":26,"column":3}},"15":{"start":{"line":23,"column":4},"end":{"line":23,"column":33}},"16":{"start":{"line":25,"column":4},"end":{"line":25,"column":34}},"17":{"start":{"line":29,"column":0},"end":{"line":29,"column":71}}},"fnMap":{"0":{"name":"(anonymous_0)","decl":{"start":{"line":1,"column":29},"end":{"line":1,"column":30}},"loc":{"start":{"line":1,"column":41},"end":{"line":8,"column":1}},"line":1},"1":{"name":"(anonymous_1)","decl":{"start":{"line":10,"column":22},"end":{"line":10,"column":23}},"loc":{"start":{"line":10,"column":40},"end":{"line":15,"column":1}},"line":10},"2":{"name":"(anonymous_2)","decl":{"start":{"line":17,"column":21},"end":{"line":17,"column":22}},"loc":{"start":{"line":17,"column":46},"end":{"line":27,"column":1}},"line":17}},"branchMap":{"0":{"loc":{"start":{"line":4,"column":2},"end":{"line":6,"column":3}},"type":"if","locations":[{"start":{"line":4,"column":2},"end":{"line":6,"column":3}},{"start":{},"end":{}}],"line":4},"1":{"loc":{"start":{"line":4,"column":6},"end":{"line":4,"column":43}},"type":"binary-expr","locations":[{"start":{"line":4,"column":6},"end":{"line":4,"column":22}},{"start":{"line":4,"column":26},"end":{"line":4,"column":43}}],"line":4},"2":{"loc":{"start":{"line":11,"column":2},"end":{"line":13,"column":3}},"type":"if","locations":[{"start":{"line":11,"column":2},"end":{"line":13,"column":3}},{"start":{},"end":{}}],"line":11},"3":{"loc":{"start":{"line":11,"column":6},"end":{"line":11,"column":64}},"type":"binary-expr","locations":[{"start":{"line":11,"column":6},"end":{"line":11,"column":17}},{"start":{"line":11,"column":21},"end":{"line":11,"column":32}},{"start":{"line":11,"column":36},"end":{"line":11,"column":48}},{"start":{"line":11,"column":52},"end":{"line":11,"column":64}}],"line":11},"4":{"loc":{"start":{"line":18,"column":2},"end":{"line":26,"column":3}},"type":"if","locations":[{"start":{"line":18,"column":2},"end":{"line":26,"column":3}},{"start":{"line":20,"column":9},"end":{"line":26,"column":3}}],"line":18},"5":{"loc":{"start":{"line":18,"column":6},"end":{"line":18,"column":40}},"type":"binary-expr","locations":[{"start":{"line":18,"column":6},"end":{"line":18,"column":18}},{"start":{"line":18,"column":22},"end":{"line":18,"column":40}}],"line":18},"6":{"loc":{"start":{"line":20,"column":9},"end":{"line":26,"column":3}},"type":"if","locations":[{"start":{"line":20,"column":9},"end":{"line":26,"column":3}},{"start":{"line":22,"column":9},"end":{"line":26,"column":3}}],"line":20},"7":{"loc":{"start":{"line":20,"column":13},"end":{"line":20,"column":62}},"type":"binary-expr","locations":[{"start":{"line":20,"column":13},"end":{"line":20,"column":25}},{"start":{"line":20,"column":29},"end":{"line":20,"column":40}},{"start":{"line":20,"column":44},"end":{"line":20,"column":62}}],"line":20},"8":{"loc":{"start":{"line":22,"column":9},"end":{"line":26,"column":3}},"type":"if","locations":[{"start":{"line":22,"column":9},"end":{"line":26,"column":3}},{"start":{"line":24,"column":9},"end":{"line":26,"column":3}}],"line":22},"9":{"loc":{"start":{"line":22,"column":13},"end":{"line":22,"column":46}},"type":"binary-expr","locations":[{"start":{"line":22,"column":13},"end":{"line":22,"column":24}},{"start":{"line":22,"column":28},"end":{"line":22,"column":46}}],"line":22}},"s":{"0":1,"1":5,"2":5,"3":2,"4":3,"5":1,"6":6,"7":2,"8":4,"9":1,"10":5,"11":1,"12":4,"13":1,"14":3,"15":1,"16":2,"17":1},"f":{"0":5,"1":6,"2":5},"b":{"0":[2,3],"1":[5,4],"2":[2,4],"3":[6,5,5,5],"4":[1,4],"5":[5,2],"6":[1,3],"7":[4,2,1],"8":[1,2],"9":[3,2]},"_coverageSchema":"1a1c01bbd47fc00a2c39e90264f33305004495a9","hash":"5757799687fdd88974f606643adc80e68a147f77"}
}
