TN:
SF:index.js
FN:1,(anonymous_0)
FN:10,(anonymous_1)
FN:17,(anonymous_2)
FNF:3
FNH:3
FNDA:5,(anonymous_0)
FNDA:6,(anonymous_1)
FNDA:5,(anonymous_2)
DA:1,1
DA:2,5
DA:4,5
DA:5,2
DA:7,3
DA:10,1
DA:11,6
DA:12,2
DA:14,4
DA:17,1
DA:18,5
DA:19,1
DA:20,4
DA:21,1
DA:22,3
DA:23,1
DA:25,2
DA:29,1
LF:18
LH:18
BRDA:4,0,0,2
BRDA:4,0,1,3
BRDA:4,1,0,5
BRDA:4,1,1,4
BRDA:11,2,0,2
BRDA:11,2,1,4
BRDA:11,3,0,6
BRDA:11,3,1,5
BRDA:11,3,2,5
BRDA:11,3,3,5
BRDA:18,4,0,1
BRDA:18,4,1,4
BRDA:18,5,0,5
BRDA:18,5,1,2
BRDA:20,6,0,1
BRDA:20,6,1,3
BRDA:20,7,0,4
BRDA:20,7,1,2
BRDA:20,7,2,1
BRDA:22,8,0,1
BRDA:22,8,1,2
BRDA:22,9,0,3
BRDA:22,9,1,2
BRF:23
BRH:23
end_of_record
